0 silly argv {
0 silly argv   _: [ 'run' ],
0 silly argv   lernaVersion: '4.0.0',
0 silly argv   '$0': '/Users/yinpeng/Documents/github/tools/node_modules/.bin/lerna',
0 silly argv   script: 'build'
0 silly argv }
1 notice cli v4.0.0
2 verbose rootPath /Users/yinpeng/Documents/github/tools
3 info versioning independent
4 error JSONError: Unexpected token " " (0xA0) in JSON at position 448 while parsing near "...\"rimraf -rf ./dist\", \n    \"compile\": \"ts..." in packages/ts-tools/package.json
4 error
4 error [0m [90m 16 |[39m   [32m"scripts"[39m[33m:[39m {[0m
4 error [0m [90m 17 |[39m     [32m"build"[39m[33m:[39m [32m"yarn run clean && yarn run compile"[39m[33m,[39m[0m
4 error [0m[31m[1m>[22m[39m[90m 18 |[39m     [32m"clean"[39m[33m:[39m [32m"rimraf -rf ./dist"[39m[33m,[39m [0m
4 error [0m [90m    |[39m                                  [31m[1m^[22m[39m[0m
4 error [0m [90m 19 |[39m     [32m"compile"[39m[33m:[39m [32m"tsc -p tsconfig.build.json"[39m[33m,[39m[0m
4 error [0m [90m 20 |[39m     [32m"test"[39m[33m:[39m [32m"echo \"Error: run tests from root\" && exit 1"[39m[0m
4 error [0m [90m 21 |[39m   }[33m,[39m[0m
4 error
4 error     at parseJson (/Users/yinpeng/Documents/github/tools/node_modules/parse-json/index.js:29:21)
4 error     at parse (/Users/yinpeng/Documents/github/tools/node_modules/load-json-file/index.js:15:9)
4 error     at module.exports (/Users/yinpeng/Documents/github/tools/node_modules/load-json-file/index.js:18:47)
